sashok724's LaunchServer v15.4 (build #81-obf, 03.05.17)
2020.08.19 09:56:07 [INFO] Setting up server script engine bindings
2020.08.19 09:56:07 [INFO] JLine2 terminal enabled
2020.08.19 09:56:07 [INFO] Generating RSA keypair
2020.08.19 09:56:08 [INFO] Writing RSA keypair files
2020.08.19 09:56:08 [INFO]  Modulus CRC32: 0xe45f0c92
2020.08.19 09:56:08 [INFO] Reading LaunchServer config file
2020.08.19 09:56:08 [ERROR] java.lang.IllegalArgumentException: MySQL username can't be empty
sashok724's LaunchServer v15.4 (build #81-obf, 03.05.17)
2020.08.19 09:57:18 [INFO] Setting up server script engine bindings
2020.08.19 09:57:18 [INFO] JLine2 terminal enabled
2020.08.19 09:57:18 [INFO] Reading RSA keypair
2020.08.19 09:57:18 [INFO]  Modulus CRC32: 0xe45f0c92
2020.08.19 09:57:18 [INFO] Reading LaunchServer config file
2020.08.19 09:57:18 [ERROR] java.io.IOException: Value end expected (line 19)
sashok724's LaunchServer v15.4 (build #81-obf, 03.05.17)
2020.08.19 09:57:43 [INFO] Setting up server script engine bindings
2020.08.19 09:57:44 [INFO] JLine2 terminal enabled
2020.08.19 09:57:44 [INFO] Reading RSA keypair
2020.08.19 09:57:44 [INFO]  Modulus CRC32: 0xe45f0c92
2020.08.19 09:57:44 [INFO] Reading LaunchServer config file
2020.08.19 09:57:44 [INFO] Unpacking launcher runtime files
2020.08.19 09:57:44 [INFO] Syncing launcher binaries
2020.08.19 09:57:44 [INFO]  Syncing launcher binary file
2020.08.19 09:57:44 [WARN]  Missing launcher binary file
2020.08.19 09:57:44 [INFO]  Syncing launcher EXE binary file
2020.08.19 09:57:44 [WARN]  Missing launcher EXE binary file
2020.08.19 09:57:44 [INFO] Syncing updates dir
2020.08.19 09:57:44 [INFO]  Syncing 'jre-8u131-linux32' update dir
2020.08.19 09:57:45 [INFO]  Syncing 'jre-8u131-linux64' update dir
2020.08.19 09:57:46 [INFO]  Syncing 'jre-8u131-macosx' update dir
2020.08.19 09:57:46 [INFO]  Syncing 'jre-8u131-win32' update dir
2020.08.19 09:57:47 [INFO]  Syncing 'jre-8u131-win64' update dir
2020.08.19 09:57:48 [INFO] Syncing profiles dir
2020.08.19 09:57:48 [INFO] Starting server socket thread
2020.08.19 09:57:48 [INFO] Server socket thread successfully started
